{"C:\\Users\\mrsp3\\Desktop\\GitHub\\COSC4353-Software-Design\\mern-app\\backend\\index.js": {"path":"C:\\Users\\mrsp3\\Desktop\\GitHub\\COSC4353-Software-Design\\mern-app\\backend\\index.js","statementMap":{"0":{"start":{"line":15,"column":0},"end":{"line":17,"column":3}},"1":{"start":{"line":19,"column":12},"end":{"line":19,"column":21}},"2":{"start":{"line":20,"column":19},"end":{"line":20,"column":41}},"3":{"start":{"line":21,"column":13},"end":{"line":21,"column":29}},"4":{"start":{"line":24,"column":0},"end":{"line":24,"column":12}},"5":{"start":{"line":26,"column":0},"end":{"line":29,"column":4}},"6":{"start":{"line":30,"column":0},"end":{"line":30,"column":24}},"7":{"start":{"line":32,"column":0},"end":{"line":32,"column":39}},"8":{"start":{"line":33,"column":0},"end":{"line":33,"column":42}},"9":{"start":{"line":34,"column":0},"end":{"line":34,"column":47}},"10":{"start":{"line":35,"column":0},"end":{"line":35,"column":50}},"11":{"start":{"line":36,"column":0},"end":{"line":36,"column":36}},"12":{"start":{"line":37,"column":0},"end":{"line":37,"column":48}},"13":{"start":{"line":39,"column":0},"end":{"line":43,"column":1}},"14":{"start":{"line":40,"column":2},"end":{"line":42,"column":5}},"15":{"start":{"line":41,"column":4},"end":{"line":41,"column":70}}},"fnMap":{"0":{"name":"(anonymous_0)","decl":{"start":{"line":40,"column":19},"end":{"line":40,"column":20}},"loc":{"start":{"line":40,"column":25},"end":{"line":42,"column":3}},"line":40}},"branchMap":{"0":{"loc":{"start":{"line":16,"column":8},"end":{"line":16,"column":62}},"type":"cond-expr","locations":[{"start":{"line":16,"column":42},"end":{"line":16,"column":53}},{"start":{"line":16,"column":56},"end":{"line":16,"column":62}}],"line":16},"1":{"loc":{"start":{"line":39,"column":0},"end":{"line":43,"column":1}},"type":"if","locations":[{"start":{"line":39,"column":0},"end":{"line":43,"column":1}},{"start":{},"end":{}}],"line":39}},"s":{"0":1,"1":1,"2":1,"3":1,"4":1,"5":1,"6":1,"7":1,"8":1,"9":1,"10":1,"11":1,"12":1,"13":1,"14":0,"15":0},"f":{"0":0},"b":{"0":[1,0],"1":[0,1]},"inputSourceMap":null,"_coverageSchema":"1a1c01bbd47fc00a2c39e90264f33305004495a9","hash":"82d48fbf19f74c18accb7090f3464c6c17eabd84"}
,"C:\\Users\\mrsp3\\Desktop\\GitHub\\COSC4353-Software-Design\\mern-app\\backend\\config\\db.js": {"path":"C:\\Users\\mrsp3\\Desktop\\GitHub\\COSC4353-Software-Design\\mern-app\\backend\\config\\db.js","statementMap":{"0":{"start":{"line":2,"column":12},"end":{"line":4,"column":27}},"1":{"start":{"line":6,"column":18},"end":{"line":23,"column":1}},"2":{"start":{"line":7,"column":2},"end":{"line":22,"column":3}},"3":{"start":{"line":9,"column":6},"end":{"line":11,"column":33}},"4":{"start":{"line":13,"column":17},"end":{"line":16,"column":6}},"5":{"start":{"line":18,"column":4},"end":{"line":18,"column":64}},"6":{"start":{"line":20,"column":4},"end":{"line":20,"column":66}},"7":{"start":{"line":21,"column":4},"end":{"line":21,"column":20}}},"fnMap":{"0":{"name":"(anonymous_0)","decl":{"start":{"line":6,"column":18},"end":{"line":6,"column":19}},"loc":{"start":{"line":6,"column":30},"end":{"line":23,"column":1}},"line":6}},"branchMap":{"0":{"loc":{"start":{"line":2,"column":12},"end":{"line":4,"column":27}},"type":"cond-expr","locations":[{"start":{"line":3,"column":4},"end":{"line":3,"column":30}},{"start":{"line":4,"column":4},"end":{"line":4,"column":27}}],"line":2},"1":{"loc":{"start":{"line":9,"column":6},"end":{"line":11,"column":33}},"type":"cond-expr","locations":[{"start":{"line":10,"column":10},"end":{"line":10,"column":36}},{"start":{"line":11,"column":10},"end":{"line":11,"column":33}}],"line":9}},"s":{"0":1,"1":1,"2":1,"3":1,"4":1,"5":1,"6":0,"7":0},"f":{"0":1},"b":{"0":[1,0],"1":[1,0]},"inputSourceMap":null,"_coverageSchema":"1a1c01bbd47fc00a2c39e90264f33305004495a9","hash":"04a877756829839d9cac62526e2504a822b8b460"}
,"C:\\Users\\mrsp3\\Desktop\\GitHub\\COSC4353-Software-Design\\mern-app\\backend\\controllers\\eventController.js": {"path":"C:\\Users\\mrsp3\\Desktop\\GitHub\\COSC4353-Software-Design\\mern-app\\backend\\controllers\\eventController.js","statementMap":{"0":{"start":{"line":4,"column":27},"end":{"line":13,"column":1}},"1":{"start":{"line":5,"column":2},"end":{"line":12,"column":3}},"2":{"start":{"line":6,"column":21},"end":{"line":6,"column":47}},"3":{"start":{"line":7,"column":23},"end":{"line":7,"column":44}},"4":{"start":{"line":8,"column":4},"end":{"line":8,"column":74}},"5":{"start":{"line":10,"column":4},"end":{"line":10,"column":45}},"6":{"start":{"line":11,"column":4},"end":{"line":11,"column":61}},"7":{"start":{"line":16,"column":24},"end":{"line":29,"column":1}},"8":{"start":{"line":17,"column":2},"end":{"line":28,"column":3}},"9":{"start":{"line":18,"column":24},"end":{"line":18,"column":34}},"10":{"start":{"line":20,"column":18},"end":{"line":20,"column":85}},"11":{"start":{"line":22,"column":4},"end":{"line":22,"column":76}},"12":{"start":{"line":22,"column":16},"end":{"line":22,"column":76}},"13":{"start":{"line":24,"column":4},"end":{"line":24,"column":20}},"14":{"start":{"line":26,"column":4},"end":{"line":26,"column":42}},"15":{"start":{"line":27,"column":4},"end":{"line":27,"column":61}},"16":{"start":{"line":32,"column":32},"end":{"line":44,"column":1}},"17":{"start":{"line":33,"column":2},"end":{"line":43,"column":3}},"18":{"start":{"line":34,"column":18},"end":{"line":34,"column":28}},"19":{"start":{"line":35,"column":4},"end":{"line":35,"column":31}},"20":{"start":{"line":37,"column":19},"end":{"line":37,"column":69}},"21":{"start":{"line":39,"column":4},"end":{"line":39,"column":21}},"22":{"start":{"line":41,"column":4},"end":{"line":41,"column":55}},"23":{"start":{"line":42,"column":4},"end":{"line":42,"column":61}},"24":{"start":{"line":46,"column":31},"end":{"line":66,"column":1}},"25":{"start":{"line":47,"column":2},"end":{"line":65,"column":3}},"26":{"start":{"line":48,"column":26},"end":{"line":48,"column":36}},"27":{"start":{"line":49,"column":18},"end":{"line":49,"column":28}},"28":{"start":{"line":50,"column":4},"end":{"line":50,"column":28}},"29":{"start":{"line":52,"column":19},"end":{"line":57,"column":13}},"30":{"start":{"line":59,"column":4},"end":{"line":61,"column":5}},"31":{"start":{"line":60,"column":6},"end":{"line":60,"column":22}},"32":{"start":{"line":62,"column":4},"end":{"line":62,"column":33}},"33":{"start":{"line":64,"column":4},"end":{"line":64,"column":60}},"34":{"start":{"line":69,"column":27},"end":{"line":159,"column":1}},"35":{"start":{"line":70,"column":2},"end":{"line":158,"column":3}},"36":{"start":{"line":71,"column":24},"end":{"line":71,"column":34}},"37":{"start":{"line":72,"column":23},"end":{"line":72,"column":31}},"38":{"start":{"line":75,"column":25},"end":{"line":75,"column":61}},"39":{"start":{"line":76,"column":4},"end":{"line":76,"column":83}},"40":{"start":{"line":76,"column":23},"end":{"line":76,"column":83}},"41":{"start":{"line":81,"column":32},"end":{"line":81,"column":34}},"42":{"start":{"line":88,"column":4},"end":{"line":123,"column":5}},"43":{"start":{"line":90,"column":32},"end":{"line":90,"column":94}},"44":{"start":{"line":90,"column":81},"end":{"line":90,"column":93}},"45":{"start":{"line":91,"column":28},"end":{"line":91,"column":63}},"46":{"start":{"line":93,"column":6},"end":{"line":93,"column":59}},"47":{"start":{"line":94,"column":6},"end":{"line":94,"column":51}},"48":{"start":{"line":97,"column":30},"end":{"line":99,"column":7}},"49":{"start":{"line":98,"column":21},"end":{"line":98,"column":59}},"50":{"start":{"line":100,"column":6},"end":{"line":108,"column":7}},"51":{"start":{"line":101,"column":8},"end":{"line":107,"column":10}},"52":{"start":{"line":111,"column":32},"end":{"line":113,"column":7}},"53":{"start":{"line":112,"column":21},"end":{"line":112,"column":55}},"54":{"start":{"line":114,"column":6},"end":{"line":122,"column":7}},"55":{"start":{"line":115,"column":8},"end":{"line":121,"column":10}},"56":{"start":{"line":128,"column":25},"end":{"line":128,"column":123}},"57":{"start":{"line":129,"column":27},"end":{"line":131,"column":5}},"58":{"start":{"line":130,"column":15},"end":{"line":130,"column":88}},"59":{"start":{"line":133,"column":4},"end":{"line":144,"column":5}},"60":{"start":{"line":134,"column":6},"end":{"line":143,"column":7}},"61":{"start":{"line":135,"column":8},"end":{"line":135,"column":66}},"62":{"start":{"line":136,"column":8},"end":{"line":142,"column":10}},"63":{"start":{"line":150,"column":20},"end":{"line":150,"column":92}},"64":{"start":{"line":151,"column":4},"end":{"line":151,"column":78}},"65":{"start":{"line":151,"column":18},"end":{"line":151,"column":78}},"66":{"start":{"line":152,"column":4},"end":{"line":152,"column":43}},"67":{"start":{"line":154,"column":4},"end":{"line":154,"column":72}},"68":{"start":{"line":156,"column":4},"end":{"line":156,"column":45}},"69":{"start":{"line":157,"column":4},"end":{"line":157,"column":61}},"70":{"start":{"line":161,"column":27},"end":{"line":195,"column":1}},"71":{"start":{"line":162,"column":2},"end":{"line":194,"column":3}},"72":{"start":{"line":163,"column":24},"end":{"line":163,"column":34}},"73":{"start":{"line":166,"column":26},"end":{"line":166,"column":62}},"74":{"start":{"line":167,"column":4},"end":{"line":167,"column":84}},"75":{"start":{"line":167,"column":24},"end":{"line":167,"column":84}},"76":{"start":{"line":170,"column":32},"end":{"line":170,"column":34}},"77":{"start":{"line":171,"column":4},"end":{"line":181,"column":5}},"78":{"start":{"line":172,"column":6},"end":{"line":180,"column":7}},"79":{"start":{"line":173,"column":8},"end":{"line":179,"column":10}},"80":{"start":{"line":184,"column":20},"end":{"line":184,"column":65}},"81":{"start":{"line":185,"column":4},"end":{"line":185,"column":78}},"82":{"start":{"line":185,"column":18},"end":{"line":185,"column":78}},"83":{"start":{"line":188,"column":4},"end":{"line":188,"column":43}},"84":{"start":{"line":190,"column":4},"end":{"line":190,"column":56}},"85":{"start":{"line":192,"column":4},"end":{"line":192,"column":45}},"86":{"start":{"line":193,"column":4},"end":{"line":193,"column":61}}},"fnMap":{"0":{"name":"(anonymous_0)","decl":{"start":{"line":4,"column":27},"end":{"line":4,"column":28}},"loc":{"start":{"line":4,"column":47},"end":{"line":13,"column":1}},"line":4},"1":{"name":"(anonymous_1)","decl":{"start":{"line":16,"column":24},"end":{"line":16,"column":25}},"loc":{"start":{"line":16,"column":44},"end":{"line":29,"column":1}},"line":16},"2":{"name":"(anonymous_2)","decl":{"start":{"line":32,"column":32},"end":{"line":32,"column":33}},"loc":{"start":{"line":32,"column":52},"end":{"line":44,"column":1}},"line":32},"3":{"name":"(anonymous_3)","decl":{"start":{"line":46,"column":31},"end":{"line":46,"column":32}},"loc":{"start":{"line":46,"column":51},"end":{"line":66,"column":1}},"line":46},"4":{"name":"(anonymous_4)","decl":{"start":{"line":69,"column":27},"end":{"line":69,"column":28}},"loc":{"start":{"line":69,"column":47},"end":{"line":159,"column":1}},"line":69},"5":{"name":"(anonymous_5)","decl":{"start":{"line":90,"column":76},"end":{"line":90,"column":77}},"loc":{"start":{"line":90,"column":81},"end":{"line":90,"column":93}},"line":90},"6":{"name":"(anonymous_6)","decl":{"start":{"line":98,"column":8},"end":{"line":98,"column":9}},"loc":{"start":{"line":98,"column":21},"end":{"line":98,"column":59}},"line":98},"7":{"name":"(anonymous_7)","decl":{"start":{"line":112,"column":8},"end":{"line":112,"column":9}},"loc":{"start":{"line":112,"column":21},"end":{"line":112,"column":55}},"line":112},"8":{"name":"(anonymous_8)","decl":{"start":{"line":130,"column":6},"end":{"line":130,"column":7}},"loc":{"start":{"line":130,"column":15},"end":{"line":130,"column":88}},"line":130},"9":{"name":"(anonymous_9)","decl":{"start":{"line":161,"column":27},"end":{"line":161,"column":28}},"loc":{"start":{"line":161,"column":47},"end":{"line":195,"column":1}},"line":161}},"branchMap":{"0":{"loc":{"start":{"line":22,"column":4},"end":{"line":22,"column":76}},"type":"if","locations":[{"start":{"line":22,"column":4},"end":{"line":22,"column":76}},{"start":{},"end":{}}],"line":22},"1":{"loc":{"start":{"line":59,"column":4},"end":{"line":61,"column":5}},"type":"if","locations":[{"start":{"line":59,"column":4},"end":{"line":61,"column":5}},{"start":{},"end":{}}],"line":59},"2":{"loc":{"start":{"line":76,"column":4},"end":{"line":76,"column":83}},"type":"if","locations":[{"start":{"line":76,"column":4},"end":{"line":76,"column":83}},{"start":{},"end":{}}],"line":76},"3":{"loc":{"start":{"line":88,"column":4},"end":{"line":123,"column":5}},"type":"if","locations":[{"start":{"line":88,"column":4},"end":{"line":123,"column":5}},{"start":{},"end":{}}],"line":88},"4":{"loc":{"start":{"line":88,"column":8},"end":{"line":89,"column":72}},"type":"binary-expr","locations":[{"start":{"line":88,"column":8},"end":{"line":88,"column":37}},{"start":{"line":89,"column":7},"end":{"line":89,"column":38}},{"start":{"line":89,"column":42},"end":{"line":89,"column":71}}],"line":88},"5":{"loc":{"start":{"line":90,"column":33},"end":{"line":90,"column":70}},"type":"binary-expr","locations":[{"start":{"line":90,"column":33},"end":{"line":90,"column":64}},{"start":{"line":90,"column":68},"end":{"line":90,"column":70}}],"line":90},"6":{"loc":{"start":{"line":91,"column":28},"end":{"line":91,"column":63}},"type":"binary-expr","locations":[{"start":{"line":91,"column":28},"end":{"line":91,"column":57}},{"start":{"line":91,"column":61},"end":{"line":91,"column":63}}],"line":91},"7":{"loc":{"start":{"line":133,"column":4},"end":{"line":144,"column":5}},"type":"if","locations":[{"start":{"line":133,"column":4},"end":{"line":144,"column":5}},{"start":{},"end":{}}],"line":133},"8":{"loc":{"start":{"line":133,"column":8},"end":{"line":133,"column":67}},"type":"binary-expr","locations":[{"start":{"line":133,"column":8},"end":{"line":133,"column":22}},{"start":{"line":133,"column":26},"end":{"line":133,"column":67}}],"line":133},"9":{"loc":{"start":{"line":151,"column":4},"end":{"line":151,"column":78}},"type":"if","locations":[{"start":{"line":151,"column":4},"end":{"line":151,"column":78}},{"start":{},"end":{}}],"line":151},"10":{"loc":{"start":{"line":167,"column":4},"end":{"line":167,"column":84}},"type":"if","locations":[{"start":{"line":167,"column":4},"end":{"line":167,"column":84}},{"start":{},"end":{}}],"line":167},"11":{"loc":{"start":{"line":171,"column":4},"end":{"line":181,"column":5}},"type":"if","locations":[{"start":{"line":171,"column":4},"end":{"line":181,"column":5}},{"start":{},"end":{}}],"line":171},"12":{"loc":{"start":{"line":185,"column":4},"end":{"line":185,"column":78}},"type":"if","locations":[{"start":{"line":185,"column":4},"end":{"line":185,"column":78}},{"start":{},"end":{}}],"line":185}},"s":{"0":1,"1":0,"2":0,"3":0,"4":0,"5":0,"6":0,"7":1,"8":0,"9":0,"10":0,"11":0,"12":0,"13":0,"14":0,"15":0,"16":1,"17":0,"18":0,"19":0,"20":0,"21":0,"22":0,"23":0,"24":1,"25":0,"26":0,"27":0,"28":0,"29":0,"30":0,"31":0,"32":0,"33":0,"34":1,"35":0,"36":0,"37":0,"38":0,"39":0,"40":0,"41":0,"42":0,"43":0,"44":0,"45":0,"46":0,"47":0,"48":0,"49":0,"50":0,"51":0,"52":0,"53":0,"54":0,"55":0,"56":0,"57":0,"58":0,"59":0,"60":0,"61":0,"62":0,"63":0,"64":0,"65":0,"66":0,"67":0,"68":0,"69":0,"70":1,"71":0,"72":0,"73":0,"74":0,"75":0,"76":0,"77":0,"78":0,"79":0,"80":0,"81":0,"82":0,"83":0,"84":0,"85":0,"86":0},"f":{"0":0,"1":0,"2":0,"3":0,"4":0,"5":0,"6":0,"7":0,"8":0,"9":0},"b":{"0":[0,0],"1":[0,0],"2":[0,0],"3":[0,0],"4":[0,0,0],"5":[0,0],"6":[0,0],"7":[0,0],"8":[0,0],"9":[0,0],"10":[0,0],"11":[0,0],"12":[0,0]},"inputSourceMap":null,"_coverageSchema":"1a1c01bbd47fc00a2c39e90264f33305004495a9","hash":"5f032bdc8f0bf101e2d479af9e7ff81ac6e849aa"}
,"C:\\Users\\mrsp3\\Desktop\\GitHub\\COSC4353-Software-Design\\mern-app\\backend\\controllers\\loginRegisterController.js": {"path":"C:\\Users\\mrsp3\\Desktop\\GitHub\\COSC4353-Software-Design\\mern-app\\backend\\controllers\\loginRegisterController.js","statementMap":{"0":{"start":{"line":4,"column":21},"end":{"line":42,"column":1}},"1":{"start":{"line":5,"column":2},"end":{"line":41,"column":3}},"2":{"start":{"line":6,"column":4},"end":{"line":6,"column":69}},"3":{"start":{"line":6,"column":29},"end":{"line":6,"column":69}},"4":{"start":{"line":7,"column":32},"end":{"line":7,"column":40}},"5":{"start":{"line":9,"column":4},"end":{"line":11,"column":5}},"6":{"start":{"line":10,"column":6},"end":{"line":10,"column":72}},"7":{"start":{"line":12,"column":4},"end":{"line":14,"column":5}},"8":{"start":{"line":13,"column":6},"end":{"line":13,"column":90}},"9":{"start":{"line":16,"column":17},"end":{"line":16,"column":57}},"10":{"start":{"line":17,"column":4},"end":{"line":19,"column":5}},"11":{"start":{"line":18,"column":6},"end":{"line":18,"column":71}},"12":{"start":{"line":21,"column":20},"end":{"line":21,"column":54}},"13":{"start":{"line":22,"column":4},"end":{"line":24,"column":5}},"14":{"start":{"line":23,"column":6},"end":{"line":23,"column":71}},"15":{"start":{"line":26,"column":18},"end":{"line":26,"column":76}},"16":{"start":{"line":29,"column":4},"end":{"line":36,"column":7}},"17":{"start":{"line":39,"column":4},"end":{"line":39,"column":39}},"18":{"start":{"line":40,"column":4},"end":{"line":40,"column":63}},"19":{"start":{"line":45,"column":24},"end":{"line":86,"column":1}},"20":{"start":{"line":46,"column":2},"end":{"line":85,"column":3}},"21":{"start":{"line":47,"column":4},"end":{"line":47,"column":63}},"22":{"start":{"line":47,"column":29},"end":{"line":47,"column":63}},"23":{"start":{"line":49,"column":38},"end":{"line":49,"column":46}},"24":{"start":{"line":51,"column":4},"end":{"line":53,"column":5}},"25":{"start":{"line":52,"column":6},"end":{"line":52,"column":72}},"26":{"start":{"line":54,"column":4},"end":{"line":56,"column":5}},"27":{"start":{"line":55,"column":6},"end":{"line":55,"column":90}},"28":{"start":{"line":57,"column":4},"end":{"line":59,"column":5}},"29":{"start":{"line":58,"column":6},"end":{"line":58,"column":83}},"30":{"start":{"line":61,"column":25},"end":{"line":61,"column":65}},"31":{"start":{"line":62,"column":4},"end":{"line":64,"column":5}},"32":{"start":{"line":63,"column":6},"end":{"line":63,"column":76}},"33":{"start":{"line":66,"column":20},"end":{"line":70,"column":6}},"34":{"start":{"line":71,"column":4},"end":{"line":71,"column":49}},"35":{"start":{"line":73,"column":4},"end":{"line":80,"column":7}},"36":{"start":{"line":83,"column":4},"end":{"line":83,"column":42}},"37":{"start":{"line":84,"column":4},"end":{"line":84,"column":63}},"38":{"start":{"line":88,"column":33},"end":{"line":119,"column":1}},"39":{"start":{"line":89,"column":2},"end":{"line":118,"column":3}},"40":{"start":{"line":90,"column":54},"end":{"line":90,"column":62}},"41":{"start":{"line":92,"column":4},"end":{"line":94,"column":5}},"42":{"start":{"line":93,"column":6},"end":{"line":93,"column":65}},"43":{"start":{"line":96,"column":25},"end":{"line":96,"column":27}},"44":{"start":{"line":98,"column":4},"end":{"line":98,"column":80}},"45":{"start":{"line":98,"column":43},"end":{"line":98,"column":80}},"46":{"start":{"line":99,"column":4},"end":{"line":99,"column":101}},"47":{"start":{"line":99,"column":50},"end":{"line":99,"column":101}},"48":{"start":{"line":101,"column":24},"end":{"line":105,"column":5}},"49":{"start":{"line":107,"column":4},"end":{"line":109,"column":5}},"50":{"start":{"line":108,"column":6},"end":{"line":108,"column":65}},"51":{"start":{"line":111,"column":4},"end":{"line":114,"column":7}},"52":{"start":{"line":116,"column":4},"end":{"line":116,"column":59}},"53":{"start":{"line":117,"column":4},"end":{"line":117,"column":63}}},"fnMap":{"0":{"name":"(anonymous_0)","decl":{"start":{"line":4,"column":21},"end":{"line":4,"column":22}},"loc":{"start":{"line":4,"column":41},"end":{"line":42,"column":1}},"line":4},"1":{"name":"(anonymous_1)","decl":{"start":{"line":45,"column":24},"end":{"line":45,"column":25}},"loc":{"start":{"line":45,"column":44},"end":{"line":86,"column":1}},"line":45},"2":{"name":"(anonymous_2)","decl":{"start":{"line":88,"column":33},"end":{"line":88,"column":34}},"loc":{"start":{"line":88,"column":53},"end":{"line":119,"column":1}},"line":88}},"branchMap":{"0":{"loc":{"start":{"line":6,"column":4},"end":{"line":6,"column":69}},"type":"if","locations":[{"start":{"line":6,"column":4},"end":{"line":6,"column":69}},{"start":{},"end":{}}],"line":6},"1":{"loc":{"start":{"line":9,"column":4},"end":{"line":11,"column":5}},"type":"if","locations":[{"start":{"line":9,"column":4},"end":{"line":11,"column":5}},{"start":{},"end":{}}],"line":9},"2":{"loc":{"start":{"line":9,"column":8},"end":{"line":9,"column":38}},"type":"binary-expr","locations":[{"start":{"line":9,"column":8},"end":{"line":9,"column":14}},{"start":{"line":9,"column":18},"end":{"line":9,"column":38}}],"line":9},"3":{"loc":{"start":{"line":12,"column":4},"end":{"line":14,"column":5}},"type":"if","locations":[{"start":{"line":12,"column":4},"end":{"line":14,"column":5}},{"start":{},"end":{}}],"line":12},"4":{"loc":{"start":{"line":12,"column":8},"end":{"line":12,"column":40}},"type":"binary-expr","locations":[{"start":{"line":12,"column":8},"end":{"line":12,"column":17}},{"start":{"line":12,"column":21},"end":{"line":12,"column":40}}],"line":12},"5":{"loc":{"start":{"line":17,"column":4},"end":{"line":19,"column":5}},"type":"if","locations":[{"start":{"line":17,"column":4},"end":{"line":19,"column":5}},{"start":{},"end":{}}],"line":17},"6":{"loc":{"start":{"line":22,"column":4},"end":{"line":24,"column":5}},"type":"if","locations":[{"start":{"line":22,"column":4},"end":{"line":24,"column":5}},{"start":{},"end":{}}],"line":22},"7":{"loc":{"start":{"line":47,"column":4},"end":{"line":47,"column":63}},"type":"if","locations":[{"start":{"line":47,"column":4},"end":{"line":47,"column":63}},{"start":{},"end":{}}],"line":47},"8":{"loc":{"start":{"line":51,"column":4},"end":{"line":53,"column":5}},"type":"if","locations":[{"start":{"line":51,"column":4},"end":{"line":53,"column":5}},{"start":{},"end":{}}],"line":51},"9":{"loc":{"start":{"line":51,"column":8},"end":{"line":51,"column":38}},"type":"binary-expr","locations":[{"start":{"line":51,"column":8},"end":{"line":51,"column":14}},{"start":{"line":51,"column":18},"end":{"line":51,"column":38}}],"line":51},"10":{"loc":{"start":{"line":54,"column":4},"end":{"line":56,"column":5}},"type":"if","locations":[{"start":{"line":54,"column":4},"end":{"line":56,"column":5}},{"start":{},"end":{}}],"line":54},"11":{"loc":{"start":{"line":54,"column":8},"end":{"line":54,"column":40}},"type":"binary-expr","locations":[{"start":{"line":54,"column":8},"end":{"line":54,"column":17}},{"start":{"line":54,"column":21},"end":{"line":54,"column":40}}],"line":54},"12":{"loc":{"start":{"line":57,"column":4},"end":{"line":59,"column":5}},"type":"if","locations":[{"start":{"line":57,"column":4},"end":{"line":59,"column":5}},{"start":{},"end":{}}],"line":57},"13":{"loc":{"start":{"line":62,"column":4},"end":{"line":64,"column":5}},"type":"if","locations":[{"start":{"line":62,"column":4},"end":{"line":64,"column":5}},{"start":{},"end":{}}],"line":62},"14":{"loc":{"start":{"line":92,"column":4},"end":{"line":94,"column":5}},"type":"if","locations":[{"start":{"line":92,"column":4},"end":{"line":94,"column":5}},{"start":{},"end":{}}],"line":92},"15":{"loc":{"start":{"line":98,"column":4},"end":{"line":98,"column":80}},"type":"if","locations":[{"start":{"line":98,"column":4},"end":{"line":98,"column":80}},{"start":{},"end":{}}],"line":98},"16":{"loc":{"start":{"line":99,"column":4},"end":{"line":99,"column":101}},"type":"if","locations":[{"start":{"line":99,"column":4},"end":{"line":99,"column":101}},{"start":{},"end":{}}],"line":99},"17":{"loc":{"start":{"line":107,"column":4},"end":{"line":109,"column":5}},"type":"if","locations":[{"start":{"line":107,"column":4},"end":{"line":109,"column":5}},{"start":{},"end":{}}],"line":107}},"s":{"0":1,"1":7,"2":7,"3":1,"4":6,"5":6,"6":1,"7":5,"8":3,"9":2,"10":2,"11":0,"12":2,"13":2,"14":1,"15":1,"16":1,"17":1,"18":1,"19":1,"20":7,"21":7,"22":1,"23":6,"24":6,"25":1,"26":5,"27":1,"28":4,"29":1,"30":3,"31":3,"32":1,"33":2,"34":2,"35":2,"36":1,"37":1,"38":1,"39":7,"40":7,"41":7,"42":1,"43":6,"44":6,"45":4,"46":6,"47":2,"48":6,"49":5,"50":1,"51":4,"52":1,"53":1},"f":{"0":7,"1":7,"2":7},"b":{"0":[1,6],"1":[1,5],"2":[6,5],"3":[3,2],"4":[5,5],"5":[0,2],"6":[1,1],"7":[1,6],"8":[1,5],"9":[6,6],"10":[1,4],"11":[5,5],"12":[1,3],"13":[1,2],"14":[1,6],"15":[4,2],"16":[2,4],"17":[1,4]},"inputSourceMap":null,"_coverageSchema":"1a1c01bbd47fc00a2c39e90264f33305004495a9","hash":"2dcfbe9e0e66e8146de0ab5cbd1877e4eb501a1f"}
,"C:\\Users\\mrsp3\\Desktop\\GitHub\\COSC4353-Software-Design\\mern-app\\backend\\controllers\\notificationsController.js": {"path":"C:\\Users\\mrsp3\\Desktop\\GitHub\\COSC4353-Software-Design\\mern-app\\backend\\controllers\\notificationsController.js","statementMap":{"0":{"start":{"line":4,"column":26},"end":{"line":9,"column":4}},"1":{"start":{"line":10,"column":2},"end":{"line":10,"column":38}},"2":{"start":{"line":13,"column":32},"end":{"line":24,"column":1}},"3":{"start":{"line":14,"column":2},"end":{"line":23,"column":3}},"4":{"start":{"line":15,"column":28},"end":{"line":15,"column":38}},"5":{"start":{"line":17,"column":26},"end":{"line":17,"column":101}},"6":{"start":{"line":19,"column":4},"end":{"line":19,"column":28}},"7":{"start":{"line":21,"column":4},"end":{"line":21,"column":50}},"8":{"start":{"line":22,"column":4},"end":{"line":22,"column":61}},"9":{"start":{"line":26,"column":37},"end":{"line":40,"column":1}},"10":{"start":{"line":27,"column":2},"end":{"line":39,"column":3}},"11":{"start":{"line":28,"column":26},"end":{"line":28,"column":36}},"12":{"start":{"line":30,"column":20},"end":{"line":33,"column":5}},"13":{"start":{"line":35,"column":4},"end":{"line":35,"column":100}},"14":{"start":{"line":37,"column":4},"end":{"line":37,"column":55}},"15":{"start":{"line":38,"column":4},"end":{"line":38,"column":61}},"16":{"start":{"line":43,"column":37},"end":{"line":54,"column":1}},"17":{"start":{"line":44,"column":2},"end":{"line":53,"column":3}},"18":{"start":{"line":45,"column":26},"end":{"line":45,"column":36}},"19":{"start":{"line":47,"column":19},"end":{"line":47,"column":74}},"20":{"start":{"line":49,"column":4},"end":{"line":49,"column":90}},"21":{"start":{"line":51,"column":4},"end":{"line":51,"column":55}},"22":{"start":{"line":52,"column":4},"end":{"line":52,"column":61}}},"fnMap":{"0":{"name":"createNotification","decl":{"start":{"line":3,"column":22},"end":{"line":3,"column":40}},"loc":{"start":{"line":3,"column":93},"end":{"line":11,"column":1}},"line":3},"1":{"name":"(anonymous_1)","decl":{"start":{"line":13,"column":32},"end":{"line":13,"column":33}},"loc":{"start":{"line":13,"column":52},"end":{"line":24,"column":1}},"line":13},"2":{"name":"(anonymous_2)","decl":{"start":{"line":26,"column":37},"end":{"line":26,"column":38}},"loc":{"start":{"line":26,"column":57},"end":{"line":40,"column":1}},"line":26},"3":{"name":"(anonymous_3)","decl":{"start":{"line":43,"column":37},"end":{"line":43,"column":38}},"loc":{"start":{"line":43,"column":57},"end":{"line":54,"column":1}},"line":43}},"branchMap":{"0":{"loc":{"start":{"line":3,"column":52},"end":{"line":3,"column":77}},"type":"default-arg","locations":[{"start":{"line":3,"column":59},"end":{"line":3,"column":77}}],"line":3},"1":{"loc":{"start":{"line":3,"column":79},"end":{"line":3,"column":91}},"type":"default-arg","locations":[{"start":{"line":3,"column":89},"end":{"line":3,"column":91}}],"line":3}},"s":{"0":5,"1":5,"2":2,"3":2,"4":2,"5":2,"6":1,"7":1,"8":1,"9":2,"10":3,"11":3,"12":3,"13":2,"14":1,"15":1,"16":2,"17":3,"18":3,"19":3,"20":2,"21":1,"22":1},"f":{"0":5,"1":2,"2":3,"3":3},"b":{"0":[2],"1":[2]},"inputSourceMap":null,"_coverageSchema":"1a1c01bbd47fc00a2c39e90264f33305004495a9","hash":"7a13942df3c5569213d1f1b64fb5f0a1679b7ec5"}
,"C:\\Users\\mrsp3\\Desktop\\GitHub\\COSC4353-Software-Design\\mern-app\\backend\\controllers\\profileController.js": {"path":"C:\\Users\\mrsp3\\Desktop\\GitHub\\COSC4353-Software-Design\\mern-app\\backend\\controllers\\profileController.js","statementMap":{"0":{"start":{"line":5,"column":26},"end":{"line":21,"column":1}},"1":{"start":{"line":6,"column":2},"end":{"line":20,"column":3}},"2":{"start":{"line":7,"column":26},"end":{"line":7,"column":36}},"3":{"start":{"line":8,"column":4},"end":{"line":8,"column":58}},"4":{"start":{"line":10,"column":20},"end":{"line":10,"column":74}},"5":{"start":{"line":12,"column":4},"end":{"line":14,"column":5}},"6":{"start":{"line":13,"column":6},"end":{"line":13,"column":40}},"7":{"start":{"line":16,"column":4},"end":{"line":16,"column":34}},"8":{"start":{"line":18,"column":4},"end":{"line":18,"column":44}},"9":{"start":{"line":19,"column":4},"end":{"line":19,"column":61}},"10":{"start":{"line":24,"column":29},"end":{"line":53,"column":1}},"11":{"start":{"line":25,"column":2},"end":{"line":52,"column":3}},"12":{"start":{"line":26,"column":26},"end":{"line":26,"column":36}},"13":{"start":{"line":27,"column":27},"end":{"line":27,"column":35}},"14":{"start":{"line":29,"column":4},"end":{"line":29,"column":59}},"15":{"start":{"line":30,"column":4},"end":{"line":30,"column":58}},"16":{"start":{"line":32,"column":17},"end":{"line":32,"column":58}},"17":{"start":{"line":33,"column":4},"end":{"line":35,"column":5}},"18":{"start":{"line":34,"column":6},"end":{"line":34,"column":66}},"19":{"start":{"line":38,"column":20},"end":{"line":42,"column":5}},"20":{"start":{"line":45,"column":4},"end":{"line":45,"column":34}},"21":{"start":{"line":46,"column":4},"end":{"line":46,"column":22}},"22":{"start":{"line":48,"column":4},"end":{"line":48,"column":64}},"23":{"start":{"line":50,"column":4},"end":{"line":50,"column":47}},"24":{"start":{"line":51,"column":4},"end":{"line":51,"column":61}},"25":{"start":{"line":56,"column":26},"end":{"line":73,"column":1}},"26":{"start":{"line":57,"column":2},"end":{"line":72,"column":3}},"27":{"start":{"line":58,"column":26},"end":{"line":58,"column":36}},"28":{"start":{"line":59,"column":17},"end":{"line":59,"column":58}},"29":{"start":{"line":61,"column":4},"end":{"line":63,"column":5}},"30":{"start":{"line":62,"column":6},"end":{"line":62,"column":66}},"31":{"start":{"line":65,"column":4},"end":{"line":65,"column":27}},"32":{"start":{"line":66,"column":4},"end":{"line":66,"column":22}},"33":{"start":{"line":68,"column":4},"end":{"line":68,"column":69}},"34":{"start":{"line":70,"column":4},"end":{"line":70,"column":44}},"35":{"start":{"line":71,"column":4},"end":{"line":71,"column":61}}},"fnMap":{"0":{"name":"(anonymous_0)","decl":{"start":{"line":5,"column":26},"end":{"line":5,"column":27}},"loc":{"start":{"line":5,"column":46},"end":{"line":21,"column":1}},"line":5},"1":{"name":"(anonymous_1)","decl":{"start":{"line":24,"column":29},"end":{"line":24,"column":30}},"loc":{"start":{"line":24,"column":49},"end":{"line":53,"column":1}},"line":24},"2":{"name":"(anonymous_2)","decl":{"start":{"line":56,"column":26},"end":{"line":56,"column":27}},"loc":{"start":{"line":56,"column":46},"end":{"line":73,"column":1}},"line":56}},"branchMap":{"0":{"loc":{"start":{"line":12,"column":4},"end":{"line":14,"column":5}},"type":"if","locations":[{"start":{"line":12,"column":4},"end":{"line":14,"column":5}},{"start":{},"end":{}}],"line":12},"1":{"loc":{"start":{"line":33,"column":4},"end":{"line":35,"column":5}},"type":"if","locations":[{"start":{"line":33,"column":4},"end":{"line":35,"column":5}},{"start":{},"end":{}}],"line":33},"2":{"loc":{"start":{"line":61,"column":4},"end":{"line":63,"column":5}},"type":"if","locations":[{"start":{"line":61,"column":4},"end":{"line":63,"column":5}},{"start":{},"end":{}}],"line":61}},"s":{"0":2,"1":2,"2":2,"3":2,"4":2,"5":2,"6":1,"7":1,"8":0,"9":0,"10":2,"11":2,"12":2,"13":2,"14":2,"15":2,"16":2,"17":2,"18":1,"19":1,"20":1,"21":1,"22":1,"23":0,"24":0,"25":2,"26":3,"27":3,"28":3,"29":2,"30":1,"31":1,"32":1,"33":1,"34":1,"35":1},"f":{"0":2,"1":2,"2":3},"b":{"0":[1,1],"1":[1,1],"2":[1,1]},"inputSourceMap":null,"_coverageSchema":"1a1c01bbd47fc00a2c39e90264f33305004495a9","hash":"c7844d43483ce1b602fb8280e46ee3a64eeb45e3"}
,"C:\\Users\\mrsp3\\Desktop\\GitHub\\COSC4353-Software-Design\\mern-app\\backend\\controllers\\volunteerHistoryController.js": {"path":"C:\\Users\\mrsp3\\Desktop\\GitHub\\COSC4353-Software-Design\\mern-app\\backend\\controllers\\volunteerHistoryController.js","statementMap":{"0":{"start":{"line":3,"column":26},"end":{"line":17,"column":1}},"1":{"start":{"line":4,"column":2},"end":{"line":16,"column":3}},"2":{"start":{"line":5,"column":26},"end":{"line":5,"column":36}},"3":{"start":{"line":6,"column":20},"end":{"line":6,"column":77}},"4":{"start":{"line":7,"column":4},"end":{"line":9,"column":5}},"5":{"start":{"line":8,"column":6},"end":{"line":8,"column":77}},"6":{"start":{"line":11,"column":4},"end":{"line":11,"column":52}},"7":{"start":{"line":12,"column":4},"end":{"line":12,"column":34}},"8":{"start":{"line":14,"column":4},"end":{"line":14,"column":44}},"9":{"start":{"line":15,"column":4},"end":{"line":15,"column":61}}},"fnMap":{"0":{"name":"(anonymous_0)","decl":{"start":{"line":3,"column":26},"end":{"line":3,"column":27}},"loc":{"start":{"line":3,"column":46},"end":{"line":17,"column":1}},"line":3}},"branchMap":{"0":{"loc":{"start":{"line":7,"column":4},"end":{"line":9,"column":5}},"type":"if","locations":[{"start":{"line":7,"column":4},"end":{"line":9,"column":5}},{"start":{},"end":{}}],"line":7}},"s":{"0":2,"1":3,"2":3,"3":3,"4":2,"5":1,"6":1,"7":1,"8":1,"9":1},"f":{"0":3},"b":{"0":[1,1]},"inputSourceMap":null,"_coverageSchema":"1a1c01bbd47fc00a2c39e90264f33305004495a9","hash":"3bcc57c4448f0226329e87894f9cab8db45c269e"}
,"C:\\Users\\mrsp3\\Desktop\\GitHub\\COSC4353-Software-Design\\mern-app\\backend\\controllers\\volunteerMatchingController.js": {"path":"C:\\Users\\mrsp3\\Desktop\\GitHub\\COSC4353-Software-Design\\mern-app\\backend\\controllers\\volunteerMatchingController.js","statementMap":{"0":{"start":{"line":4,"column":26},"end":{"line":39,"column":1}},"1":{"start":{"line":5,"column":2},"end":{"line":38,"column":3}},"2":{"start":{"line":6,"column":24},"end":{"line":6,"column":34}},"3":{"start":{"line":7,"column":18},"end":{"line":7,"column":54}},"4":{"start":{"line":8,"column":4},"end":{"line":8,"column":76}},"5":{"start":{"line":8,"column":16},"end":{"line":8,"column":76}},"6":{"start":{"line":10,"column":24},"end":{"line":10,"column":48}},"7":{"start":{"line":12,"column":26},"end":{"line":15,"column":41}},"8":{"start":{"line":13,"column":6},"end":{"line":15,"column":41}},"9":{"start":{"line":17,"column":20},"end":{"line":32,"column":8}},"10":{"start":{"line":19,"column":28},"end":{"line":21,"column":9}},"11":{"start":{"line":20,"column":10},"end":{"line":20,"column":61}},"12":{"start":{"line":22,"column":26},"end":{"line":24,"column":9}},"13":{"start":{"line":23,"column":10},"end":{"line":23,"column":40}},"14":{"start":{"line":25,"column":26},"end":{"line":25,"column":55}},"15":{"start":{"line":26,"column":8},"end":{"line":26,"column":53}},"16":{"start":{"line":29,"column":27},"end":{"line":29,"column":56}},"17":{"start":{"line":30,"column":27},"end":{"line":30,"column":56}},"18":{"start":{"line":31,"column":8},"end":{"line":31,"column":39}},"19":{"start":{"line":34,"column":4},"end":{"line":34,"column":22}},"20":{"start":{"line":36,"column":4},"end":{"line":36,"column":44}},"21":{"start":{"line":37,"column":4},"end":{"line":37,"column":63}}},"fnMap":{"0":{"name":"(anonymous_0)","decl":{"start":{"line":4,"column":26},"end":{"line":4,"column":27}},"loc":{"start":{"line":4,"column":46},"end":{"line":39,"column":1}},"line":4},"1":{"name":"(anonymous_1)","decl":{"start":{"line":12,"column":26},"end":{"line":12,"column":27}},"loc":{"start":{"line":13,"column":6},"end":{"line":15,"column":41}},"line":13},"2":{"name":"(anonymous_2)","decl":{"start":{"line":18,"column":14},"end":{"line":18,"column":15}},"loc":{"start":{"line":18,"column":25},"end":{"line":27,"column":7}},"line":18},"3":{"name":"(anonymous_3)","decl":{"start":{"line":19,"column":56},"end":{"line":19,"column":57}},"loc":{"start":{"line":20,"column":10},"end":{"line":20,"column":61}},"line":20},"4":{"name":"(anonymous_4)","decl":{"start":{"line":22,"column":53},"end":{"line":22,"column":54}},"loc":{"start":{"line":23,"column":10},"end":{"line":23,"column":40}},"line":23},"5":{"name":"(anonymous_5)","decl":{"start":{"line":28,"column":12},"end":{"line":28,"column":13}},"loc":{"start":{"line":28,"column":22},"end":{"line":32,"column":7}},"line":28}},"branchMap":{"0":{"loc":{"start":{"line":8,"column":4},"end":{"line":8,"column":76}},"type":"if","locations":[{"start":{"line":8,"column":4},"end":{"line":8,"column":76}},{"start":{},"end":{}}],"line":8},"1":{"loc":{"start":{"line":13,"column":6},"end":{"line":15,"column":41}},"type":"binary-expr","locations":[{"start":{"line":13,"column":6},"end":{"line":13,"column":49}},{"start":{"line":14,"column":6},"end":{"line":14,"column":43}},{"start":{"line":15,"column":6},"end":{"line":15,"column":41}}],"line":13},"2":{"loc":{"start":{"line":26,"column":15},"end":{"line":26,"column":52}},"type":"binary-expr","locations":[{"start":{"line":26,"column":15},"end":{"line":26,"column":26}},{"start":{"line":26,"column":30},"end":{"line":26,"column":39}},{"start":{"line":26,"column":43},"end":{"line":26,"column":52}}],"line":26},"3":{"loc":{"start":{"line":29,"column":27},"end":{"line":29,"column":56}},"type":"cond-expr","locations":[{"start":{"line":29,"column":51},"end":{"line":29,"column":52}},{"start":{"line":29,"column":55},"end":{"line":29,"column":56}}],"line":29},"4":{"loc":{"start":{"line":30,"column":27},"end":{"line":30,"column":56}},"type":"cond-expr","locations":[{"start":{"line":30,"column":51},"end":{"line":30,"column":52}},{"start":{"line":30,"column":55},"end":{"line":30,"column":56}}],"line":30}},"s":{"0":2,"1":5,"2":5,"3":5,"4":4,"5":1,"6":3,"7":3,"8":9,"9":3,"10":9,"11":9,"12":9,"13":16,"14":9,"15":9,"16":2,"17":2,"18":2,"19":3,"20":1,"21":1},"f":{"0":5,"1":9,"2":9,"3":9,"4":16,"5":2},"b":{"0":[1,3],"1":[9,9,9],"2":[9,9,4],"3":[0,2],"4":[2,0]},"inputSourceMap":null,"_coverageSchema":"1a1c01bbd47fc00a2c39e90264f33305004495a9","hash":"3e15bc587c040008a30c1b196471bf92871fa364"}
,"C:\\Users\\mrsp3\\Desktop\\GitHub\\COSC4353-Software-Design\\mern-app\\backend\\models\\Event.js": {"path":"C:\\Users\\mrsp3\\Desktop\\GitHub\\COSC4353-Software-Design\\mern-app\\backend\\models\\Event.js","statementMap":{"0":{"start":{"line":3,"column":27},"end":{"line":50,"column":2}},"1":{"start":{"line":52,"column":14},"end":{"line":52,"column":64}}},"fnMap":{},"branchMap":{},"s":{"0":2,"1":2},"f":{},"b":{},"inputSourceMap":null,"_coverageSchema":"1a1c01bbd47fc00a2c39e90264f33305004495a9","hash":"d8a1871be356f8047e98f45b8f72e86e614cf652"}
,"C:\\Users\\mrsp3\\Desktop\\GitHub\\COSC4353-Software-Design\\mern-app\\backend\\models\\Notification.js": {"path":"C:\\Users\\mrsp3\\Desktop\\GitHub\\COSC4353-Software-Design\\mern-app\\backend\\models\\Notification.js","statementMap":{"0":{"start":{"line":3,"column":27},"end":{"line":26,"column":2}},"1":{"start":{"line":28,"column":21},"end":{"line":28,"column":71}}},"fnMap":{},"branchMap":{},"s":{"0":2,"1":2},"f":{},"b":{},"inputSourceMap":null,"_coverageSchema":"1a1c01bbd47fc00a2c39e90264f33305004495a9","hash":"1e48ebc19e07a36fdc4e573d9a3726079a052dc0"}
,"C:\\Users\\mrsp3\\Desktop\\GitHub\\COSC4353-Software-Design\\mern-app\\backend\\models\\UserCredentials.js": {"path":"C:\\Users\\mrsp3\\Desktop\\GitHub\\COSC4353-Software-Design\\mern-app\\backend\\models\\UserCredentials.js","statementMap":{"0":{"start":{"line":4,"column":30},"end":{"line":33,"column":2}},"1":{"start":{"line":36,"column":0},"end":{"line":41,"column":3}},"2":{"start":{"line":37,"column":2},"end":{"line":37,"column":50}},"3":{"start":{"line":37,"column":36},"end":{"line":37,"column":50}},"4":{"start":{"line":38,"column":15},"end":{"line":38,"column":39}},"5":{"start":{"line":39,"column":2},"end":{"line":39,"column":57}},"6":{"start":{"line":40,"column":2},"end":{"line":40,"column":9}},"7":{"start":{"line":44,"column":0},"end":{"line":46,"column":2}},"8":{"start":{"line":45,"column":2},"end":{"line":45,"column":62}},"9":{"start":{"line":48,"column":24},"end":{"line":48,"column":80}}},"fnMap":{"0":{"name":"(anonymous_0)","decl":{"start":{"line":36,"column":34},"end":{"line":36,"column":35}},"loc":{"start":{"line":36,"column":56},"end":{"line":41,"column":1}},"line":36},"1":{"name":"(anonymous_1)","decl":{"start":{"line":44,"column":46},"end":{"line":44,"column":47}},"loc":{"start":{"line":44,"column":79},"end":{"line":46,"column":1}},"line":44}},"branchMap":{"0":{"loc":{"start":{"line":37,"column":2},"end":{"line":37,"column":50}},"type":"if","locations":[{"start":{"line":37,"column":2},"end":{"line":37,"column":50}},{"start":{},"end":{}}],"line":37}},"s":{"0":3,"1":3,"2":12,"3":3,"4":9,"5":9,"6":9,"7":3,"8":4,"9":3},"f":{"0":12,"1":4},"b":{"0":[3,9]},"inputSourceMap":null,"_coverageSchema":"1a1c01bbd47fc00a2c39e90264f33305004495a9","hash":"74feae2892c28a45bdaae945d15774babbdf99a0"}
,"C:\\Users\\mrsp3\\Desktop\\GitHub\\COSC4353-Software-Design\\mern-app\\backend\\models\\UserProfile.js": {"path":"C:\\Users\\mrsp3\\Desktop\\GitHub\\COSC4353-Software-Design\\mern-app\\backend\\models\\UserProfile.js","statementMap":{"0":{"start":{"line":3,"column":26},"end":{"line":58,"column":2}}},"fnMap":{},"branchMap":{},"s":{"0":4},"f":{},"b":{},"inputSourceMap":null,"_coverageSchema":"1a1c01bbd47fc00a2c39e90264f33305004495a9","hash":"f1d0338430f0035692f1e3e48a6f0851a2dfb748"}
,"C:\\Users\\mrsp3\\Desktop\\GitHub\\COSC4353-Software-Design\\mern-app\\backend\\models\\VolunteerHistory.js": {"path":"C:\\Users\\mrsp3\\Desktop\\GitHub\\COSC4353-Software-Design\\mern-app\\backend\\models\\VolunteerHistory.js","statementMap":{"0":{"start":{"line":3,"column":31},"end":{"line":24,"column":1}}},"fnMap":{},"branchMap":{},"s":{"0":2},"f":{},"b":{},"inputSourceMap":null,"_coverageSchema":"1a1c01bbd47fc00a2c39e90264f33305004495a9","hash":"e3bfffd5f6dfe7d704f8711861e356f244a510c1"}
,"C:\\Users\\mrsp3\\Desktop\\GitHub\\COSC4353-Software-Design\\mern-app\\backend\\routes\\event.js": {"path":"C:\\Users\\mrsp3\\Desktop\\GitHub\\COSC4353-Software-Design\\mern-app\\backend\\routes\\event.js","statementMap":{"0":{"start":{"line":4,"column":15},"end":{"line":4,"column":31}},"1":{"start":{"line":6,"column":0},"end":{"line":6,"column":36}},"2":{"start":{"line":7,"column":0},"end":{"line":7,"column":41}},"3":{"start":{"line":8,"column":0},"end":{"line":8,"column":53}},"4":{"start":{"line":9,"column":0},"end":{"line":9,"column":45}},"5":{"start":{"line":12,"column":0},"end":{"line":12,"column":34}},"6":{"start":{"line":13,"column":0},"end":{"line":13,"column":38}}},"fnMap":{},"branchMap":{},"s":{"0":1,"1":1,"2":1,"3":1,"4":1,"5":1,"6":1},"f":{},"b":{},"inputSourceMap":null,"_coverageSchema":"1a1c01bbd47fc00a2c39e90264f33305004495a9","hash":"d393ae947e604cc446cc62d6f59ac2a427d6b69e"}
,"C:\\Users\\mrsp3\\Desktop\\GitHub\\COSC4353-Software-Design\\mern-app\\backend\\routes\\loginRegister.js": {"path":"C:\\Users\\mrsp3\\Desktop\\GitHub\\COSC4353-Software-Design\\mern-app\\backend\\routes\\loginRegister.js","statementMap":{"0":{"start":{"line":4,"column":15},"end":{"line":4,"column":31}},"1":{"start":{"line":6,"column":0},"end":{"line":6,"column":29}},"2":{"start":{"line":7,"column":0},"end":{"line":7,"column":35}},"3":{"start":{"line":8,"column":0},"end":{"line":8,"column":43}}},"fnMap":{},"branchMap":{},"s":{"0":1,"1":1,"2":1,"3":1},"f":{},"b":{},"inputSourceMap":null,"_coverageSchema":"1a1c01bbd47fc00a2c39e90264f33305004495a9","hash":"2c7e69ca2ef037c6c2b9e161a06e9f5c2bf7dcf8"}
,"C:\\Users\\mrsp3\\Desktop\\GitHub\\COSC4353-Software-Design\\mern-app\\backend\\routes\\notification.js": {"path":"C:\\Users\\mrsp3\\Desktop\\GitHub\\COSC4353-Software-Design\\mern-app\\backend\\routes\\notification.js","statementMap":{"0":{"start":{"line":8,"column":15},"end":{"line":8,"column":31}},"1":{"start":{"line":10,"column":0},"end":{"line":10,"column":62}},"2":{"start":{"line":11,"column":0},"end":{"line":11,"column":63}},"3":{"start":{"line":13,"column":0},"end":{"line":13,"column":46}}},"fnMap":{},"branchMap":{},"s":{"0":2,"1":2,"2":2,"3":2},"f":{},"b":{},"inputSourceMap":null,"_coverageSchema":"1a1c01bbd47fc00a2c39e90264f33305004495a9","hash":"c70f5a99fc6da86deb52aebf78671bb0eae1fcdc"}
,"C:\\Users\\mrsp3\\Desktop\\GitHub\\COSC4353-Software-Design\\mern-app\\backend\\routes\\profile.js": {"path":"C:\\Users\\mrsp3\\Desktop\\GitHub\\COSC4353-Software-Design\\mern-app\\backend\\routes\\profile.js","statementMap":{"0":{"start":{"line":4,"column":15},"end":{"line":4,"column":31}},"1":{"start":{"line":6,"column":0},"end":{"line":6,"column":38}},"2":{"start":{"line":7,"column":0},"end":{"line":7,"column":42}},"3":{"start":{"line":8,"column":0},"end":{"line":8,"column":47}}},"fnMap":{},"branchMap":{},"s":{"0":1,"1":1,"2":1,"3":1},"f":{},"b":{},"inputSourceMap":null,"_coverageSchema":"1a1c01bbd47fc00a2c39e90264f33305004495a9","hash":"85969fd9622bddd54a7dea87d929c13d51580471"}
,"C:\\Users\\mrsp3\\Desktop\\GitHub\\COSC4353-Software-Design\\mern-app\\backend\\routes\\volunteerHistory.js": {"path":"C:\\Users\\mrsp3\\Desktop\\GitHub\\COSC4353-Software-Design\\mern-app\\backend\\routes\\volunteerHistory.js","statementMap":{"0":{"start":{"line":5,"column":15},"end":{"line":5,"column":31}},"1":{"start":{"line":7,"column":0},"end":{"line":7,"column":38}}},"fnMap":{},"branchMap":{},"s":{"0":1,"1":1},"f":{},"b":{},"inputSourceMap":null,"_coverageSchema":"1a1c01bbd47fc00a2c39e90264f33305004495a9","hash":"e03448b919acd4b6a3ce5c107db0b8da5cb181b4"}
,"C:\\Users\\mrsp3\\Desktop\\GitHub\\COSC4353-Software-Design\\mern-app\\backend\\routes\\volunteerMatching.js": {"path":"C:\\Users\\mrsp3\\Desktop\\GitHub\\COSC4353-Software-Design\\mern-app\\backend\\routes\\volunteerMatching.js","statementMap":{"0":{"start":{"line":5,"column":15},"end":{"line":5,"column":31}},"1":{"start":{"line":7,"column":0},"end":{"line":7,"column":36}}},"fnMap":{},"branchMap":{},"s":{"0":1,"1":1},"f":{},"b":{},"inputSourceMap":null,"_coverageSchema":"1a1c01bbd47fc00a2c39e90264f33305004495a9","hash":"8ff9208e301b3a0229fca64f9a20126a8bae8639"}
}
