{"C:\\Users\\mrsp3\\Desktop\\GitHub\\COSC4353-Software-Design\\mern-app\\backend\\index.js": {"path":"C:\\Users\\mrsp3\\Desktop\\GitHub\\COSC4353-Software-Design\\mern-app\\backend\\index.js","statementMap":{"0":{"start":{"line":6,"column":0},"end":{"line":6,"column":16}},"1":{"start":{"line":8,"column":12},"end":{"line":8,"column":21}},"2":{"start":{"line":9,"column":19},"end":{"line":9,"column":41}},"3":{"start":{"line":10,"column":13},"end":{"line":10,"column":29}},"4":{"start":{"line":11,"column":14},"end":{"line":11,"column":35}},"5":{"start":{"line":13,"column":0},"end":{"line":16,"column":4}},"6":{"start":{"line":17,"column":0},"end":{"line":17,"column":24}},"7":{"start":{"line":20,"column":0},"end":{"line":20,"column":34}},"8":{"start":{"line":31,"column":0},"end":{"line":35,"column":1}},"9":{"start":{"line":32,"column":2},"end":{"line":34,"column":5}},"10":{"start":{"line":33,"column":4},"end":{"line":33,"column":70}}},"fnMap":{"0":{"name":"(anonymous_0)","decl":{"start":{"line":32,"column":19},"end":{"line":32,"column":20}},"loc":{"start":{"line":32,"column":25},"end":{"line":34,"column":3}},"line":32}},"branchMap":{"0":{"loc":{"start":{"line":31,"column":0},"end":{"line":35,"column":1}},"type":"if","locations":[{"start":{"line":31,"column":0},"end":{"line":35,"column":1}},{"start":{},"end":{}}],"line":31}},"s":{"0":1,"1":1,"2":1,"3":1,"4":1,"5":1,"6":1,"7":1,"8":1,"9":0,"10":0},"f":{"0":0},"b":{"0":[0,1]},"inputSourceMap":null,"_coverageSchema":"1a1c01bbd47fc00a2c39e90264f33305004495a9","hash":"5545a683ecfc75ece48d2e9741cd574f4a58954c"}
,"C:\\Users\\mrsp3\\Desktop\\GitHub\\COSC4353-Software-Design\\mern-app\\backend\\models\\User.js": {"path":"C:\\Users\\mrsp3\\Desktop\\GitHub\\COSC4353-Software-Design\\mern-app\\backend\\models\\User.js","statementMap":{"0":{"start":{"line":4,"column":19},"end":{"line":77,"column":2}},"1":{"start":{"line":51,"column":16},"end":{"line":51,"column":44}},"2":{"start":{"line":53,"column":30},"end":{"line":53,"column":82}},"3":{"start":{"line":79,"column":13},"end":{"line":79,"column":47}}},"fnMap":{"0":{"name":"(anonymous_0)","decl":{"start":{"line":50,"column":23},"end":{"line":50,"column":24}},"loc":{"start":{"line":50,"column":35},"end":{"line":52,"column":13}},"line":50},"1":{"name":"(anonymous_1)","decl":{"start":{"line":53,"column":21},"end":{"line":53,"column":22}},"loc":{"start":{"line":53,"column":30},"end":{"line":53,"column":82}},"line":53}},"branchMap":{},"s":{"0":1,"1":0,"2":0,"3":1},"f":{"0":0,"1":0},"b":{},"inputSourceMap":null,"_coverageSchema":"1a1c01bbd47fc00a2c39e90264f33305004495a9","hash":"bcac7add7ce120f6061cf21aaebe4015fd428147"}
,"C:\\Users\\mrsp3\\Desktop\\GitHub\\COSC4353-Software-Design\\mern-app\\backend\\routes\\user.js": {"path":"C:\\Users\\mrsp3\\Desktop\\GitHub\\COSC4353-Software-Design\\mern-app\\backend\\routes\\user.js","statementMap":{"0":{"start":{"line":2,"column":15},"end":{"line":2,"column":31}},"1":{"start":{"line":6,"column":0},"end":{"line":30,"column":3}},"2":{"start":{"line":7,"column":17},"end":{"line":7,"column":27}},"3":{"start":{"line":9,"column":2},"end":{"line":29,"column":3}},"4":{"start":{"line":11,"column":21},"end":{"line":24,"column":5}},"5":{"start":{"line":26,"column":4},"end":{"line":26,"column":23}},"6":{"start":{"line":28,"column":4},"end":{"line":28,"column":52}},"7":{"start":{"line":32,"column":0},"end":{"line":48,"column":3}},"8":{"start":{"line":33,"column":17},"end":{"line":33,"column":27}},"9":{"start":{"line":34,"column":22},"end":{"line":34,"column":30}},"10":{"start":{"line":36,"column":2},"end":{"line":47,"column":3}},"11":{"start":{"line":41,"column":4},"end":{"line":41,"column":49}},"12":{"start":{"line":42,"column":4},"end":{"line":42,"column":46}},"13":{"start":{"line":44,"column":4},"end":{"line":44,"column":69}},"14":{"start":{"line":46,"column":4},"end":{"line":46,"column":61}}},"fnMap":{"0":{"name":"(anonymous_0)","decl":{"start":{"line":6,"column":19},"end":{"line":6,"column":20}},"loc":{"start":{"line":6,"column":39},"end":{"line":30,"column":1}},"line":6},"1":{"name":"(anonymous_1)","decl":{"start":{"line":32,"column":20},"end":{"line":32,"column":21}},"loc":{"start":{"line":32,"column":40},"end":{"line":48,"column":1}},"line":32}},"branchMap":{},"s":{"0":1,"1":1,"2":1,"3":1,"4":1,"5":1,"6":0,"7":1,"8":2,"9":2,"10":2,"11":2,"12":2,"13":2,"14":0},"f":{"0":1,"1":2},"b":{},"inputSourceMap":null,"_coverageSchema":"1a1c01bbd47fc00a2c39e90264f33305004495a9","hash":"360e41d533f8dc43330ac378f3d20082bf293d19"}
}
