TN:
SF:index.js
FN:40,(anonymous_0)
FNF:1
FNH:0
FNDA:0,(anonymous_0)
DA:15,1
DA:19,1
DA:20,1
DA:21,1
DA:24,1
DA:26,1
DA:30,1
DA:32,1
DA:33,1
DA:34,1
DA:35,1
DA:36,1
DA:37,1
DA:39,1
DA:40,0
DA:41,0
LF:16
LH:14
BRDA:16,0,0,1
BRDA:16,0,1,0
BRDA:39,1,0,0
BRDA:39,1,1,1
BRF:4
BRH:2
end_of_record
TN:
SF:config\db.js
FN:6,(anonymous_0)
FNF:1
FNH:1
FNDA:1,(anonymous_0)
DA:2,1
DA:6,1
DA:7,1
DA:9,1
DA:13,1
DA:18,1
DA:20,0
DA:21,0
LF:8
LH:6
BRDA:2,0,0,1
BRDA:2,0,1,0
BRDA:9,1,0,1
BRDA:9,1,1,0
BRF:4
BRH:2
end_of_record
TN:
SF:controllers\eventController.js
FN:5,(anonymous_0)
FN:17,(anonymous_1)
FN:38,(anonymous_2)
FN:52,(anonymous_3)
FN:74,(anonymous_4)
FN:96,(anonymous_5)
FN:103,(anonymous_6)
FN:117,(anonymous_7)
FN:135,(anonymous_8)
FN:168,(anonymous_9)
FNF:10
FNH:10
FNDA:2,(anonymous_0)
FNDA:3,(anonymous_1)
FNDA:2,(anonymous_2)
FNDA:3,(anonymous_3)
FNDA:6,(anonymous_4)
FNDA:2,(anonymous_5)
FNDA:3,(anonymous_6)
FNDA:2,(anonymous_7)
FNDA:4,(anonymous_8)
FNDA:5,(anonymous_9)
DA:5,2
DA:6,2
DA:7,2
DA:8,2
DA:9,1
DA:11,1
DA:12,1
DA:17,2
DA:18,3
DA:19,3
DA:21,3
DA:22,3
DA:24,2
DA:25,1
DA:26,1
DA:29,1
DA:30,1
DA:32,1
DA:33,1
DA:38,2
DA:39,2
DA:40,2
DA:41,2
DA:43,2
DA:45,1
DA:47,1
DA:48,1
DA:52,2
DA:53,3
DA:54,3
DA:55,3
DA:56,3
DA:58,3
DA:64,2
DA:65,1
DA:66,1
DA:68,1
DA:69,1
DA:74,2
DA:75,6
DA:76,6
DA:77,6
DA:78,6
DA:81,6
DA:82,5
DA:87,4
DA:94,4
DA:96,4
DA:97,4
DA:98,4
DA:99,4
DA:102,4
DA:103,3
DA:105,4
DA:106,3
DA:116,4
DA:117,2
DA:119,4
DA:120,2
DA:133,4
DA:134,4
DA:135,4
DA:138,4
DA:139,3
DA:140,3
DA:141,3
DA:155,4
DA:157,4
DA:159,4
DA:160,4
DA:163,1
DA:164,1
DA:168,2
DA:169,5
DA:170,5
DA:173,5
DA:174,4
DA:175,4
DA:177,1
DA:178,1
DA:181,3
DA:182,3
DA:183,1
DA:184,1
DA:195,3
DA:196,3
DA:197,3
DA:200,2
DA:202,2
DA:204,1
DA:205,1
LF:91
LH:91
BRDA:24,0,0,1
BRDA:24,0,1,1
BRDA:64,1,0,1
BRDA:64,1,1,1
BRDA:64,2,0,2
BRDA:64,2,1,2
BRDA:82,3,0,1
BRDA:82,3,1,4
BRDA:94,4,0,4
BRDA:94,4,1,0
BRDA:94,5,0,4
BRDA:94,5,1,0
BRDA:94,5,2,0
BRDA:96,6,0,4
BRDA:96,6,1,0
BRDA:97,7,0,4
BRDA:97,7,1,0
BRDA:138,8,0,3
BRDA:138,8,1,1
BRDA:138,9,0,4
BRDA:138,9,1,4
BRDA:175,10,0,1
BRDA:175,10,1,3
BRDA:182,11,0,1
BRDA:182,11,1,2
BRDA:197,12,0,1
BRDA:197,12,1,2
BRF:27
BRH:22
end_of_record
TN:
SF:controllers\loginRegisterController.js
FN:4,(anonymous_0)
FN:45,(anonymous_1)
FN:88,(anonymous_2)
FNF:3
FNH:3
FNDA:7,(anonymous_0)
FNDA:7,(anonymous_1)
FNDA:7,(anonymous_2)
DA:4,1
DA:5,7
DA:6,7
DA:7,6
DA:9,6
DA:10,1
DA:12,5
DA:13,3
DA:16,2
DA:17,2
DA:18,0
DA:21,2
DA:22,2
DA:23,1
DA:26,1
DA:29,1
DA:39,1
DA:40,1
DA:45,1
DA:46,7
DA:47,7
DA:49,6
DA:51,6
DA:52,1
DA:54,5
DA:55,1
DA:57,4
DA:58,1
DA:61,3
DA:62,3
DA:63,1
DA:66,2
DA:71,2
DA:73,2
DA:83,1
DA:84,1
DA:88,1
DA:89,7
DA:90,7
DA:92,7
DA:93,1
DA:96,6
DA:98,6
DA:99,6
DA:101,6
DA:107,5
DA:108,1
DA:111,4
DA:116,1
DA:117,1
LF:50
LH:49
BRDA:6,0,0,1
BRDA:6,0,1,6
BRDA:9,1,0,1
BRDA:9,1,1,5
BRDA:9,2,0,6
BRDA:9,2,1,5
BRDA:12,3,0,3
BRDA:12,3,1,2
BRDA:12,4,0,5
BRDA:12,4,1,5
BRDA:17,5,0,0
BRDA:17,5,1,2
BRDA:22,6,0,1
BRDA:22,6,1,1
BRDA:47,7,0,1
BRDA:47,7,1,6
BRDA:51,8,0,1
BRDA:51,8,1,5
BRDA:51,9,0,6
BRDA:51,9,1,6
BRDA:54,10,0,1
BRDA:54,10,1,4
BRDA:54,11,0,5
BRDA:54,11,1,5
BRDA:57,12,0,1
BRDA:57,12,1,3
BRDA:62,13,0,1
BRDA:62,13,1,2
BRDA:92,14,0,1
BRDA:92,14,1,6
BRDA:98,15,0,4
BRDA:98,15,1,2
BRDA:99,16,0,2
BRDA:99,16,1,4
BRDA:107,17,0,1
BRDA:107,17,1,4
BRF:36
BRH:35
end_of_record
TN:
SF:controllers\notificationsController.js
FN:3,createNotification
FN:13,(anonymous_1)
FN:26,(anonymous_2)
FN:43,(anonymous_3)
FNF:4
FNH:4
FNDA:14,createNotification
FNDA:2,(anonymous_1)
FNDA:3,(anonymous_2)
FNDA:3,(anonymous_3)
DA:4,14
DA:10,14
DA:13,3
DA:14,2
DA:15,2
DA:17,2
DA:19,1
DA:21,1
DA:22,1
DA:26,3
DA:27,3
DA:28,3
DA:30,3
DA:35,2
DA:37,1
DA:38,1
DA:43,3
DA:44,3
DA:45,3
DA:47,3
DA:49,2
DA:51,1
DA:52,1
LF:23
LH:23
BRDA:3,0,0,2
BRDA:3,1,0,2
BRF:2
BRH:2
end_of_record
TN:
SF:controllers\profileController.js
FN:5,(anonymous_0)
FN:24,(anonymous_1)
FN:56,(anonymous_2)
FNF:3
FNH:3
FNDA:2,(anonymous_0)
FNDA:2,(anonymous_1)
FNDA:3,(anonymous_2)
DA:5,2
DA:6,2
DA:7,2
DA:8,2
DA:10,2
DA:12,2
DA:13,1
DA:16,1
DA:18,0
DA:19,0
DA:24,2
DA:25,2
DA:26,2
DA:27,2
DA:29,2
DA:30,2
DA:32,2
DA:33,2
DA:34,1
DA:38,1
DA:45,1
DA:46,1
DA:48,1
DA:50,0
DA:51,0
DA:56,2
DA:57,3
DA:58,3
DA:59,3
DA:61,2
DA:62,1
DA:65,1
DA:66,1
DA:68,1
DA:70,1
DA:71,1
LF:36
LH:32
BRDA:12,0,0,1
BRDA:12,0,1,1
BRDA:33,1,0,1
BRDA:33,1,1,1
BRDA:61,2,0,1
BRDA:61,2,1,1
BRF:6
BRH:6
end_of_record
TN:
SF:controllers\volunteerHistoryController.js
FN:3,(anonymous_0)
FNF:1
FNH:1
FNDA:3,(anonymous_0)
DA:3,2
DA:4,3
DA:5,3
DA:6,3
DA:7,2
DA:8,1
DA:11,1
DA:12,1
DA:14,1
DA:15,1
LF:10
LH:10
BRDA:7,0,0,1
BRDA:7,0,1,1
BRF:2
BRH:2
end_of_record
TN:
SF:controllers\volunteerMatchingController.js
FN:4,(anonymous_0)
FN:12,(anonymous_1)
FN:18,(anonymous_2)
FN:19,(anonymous_3)
FN:22,(anonymous_4)
FN:28,(anonymous_5)
FNF:6
FNH:6
FNDA:5,(anonymous_0)
FNDA:9,(anonymous_1)
FNDA:9,(anonymous_2)
FNDA:9,(anonymous_3)
FNDA:16,(anonymous_4)
FNDA:2,(anonymous_5)
DA:4,2
DA:5,5
DA:6,5
DA:7,5
DA:8,4
DA:10,3
DA:12,3
DA:13,9
DA:17,3
DA:19,9
DA:20,9
DA:22,9
DA:23,16
DA:25,9
DA:26,9
DA:29,2
DA:30,2
DA:31,2
DA:34,3
DA:36,1
DA:37,1
LF:21
LH:21
BRDA:8,0,0,1
BRDA:8,0,1,3
BRDA:13,1,0,9
BRDA:13,1,1,9
BRDA:13,1,2,9
BRDA:26,2,0,9
BRDA:26,2,1,9
BRDA:26,2,2,4
BRDA:29,3,0,0
BRDA:29,3,1,2
BRDA:30,4,0,2
BRDA:30,4,1,0
BRF:12
BRH:10
end_of_record
TN:
SF:models\Event.js
FNF:0
FNH:0
DA:3,3
DA:52,3
LF:2
LH:2
BRF:0
BRH:0
end_of_record
TN:
SF:models\Notification.js
FNF:0
FNH:0
DA:3,3
DA:28,3
LF:2
LH:2
BRF:0
BRH:0
end_of_record
TN:
SF:models\UserCredentials.js
FN:36,(anonymous_0)
FN:44,(anonymous_1)
FNF:2
FNH:2
FNDA:12,(anonymous_0)
FNDA:4,(anonymous_1)
DA:4,4
DA:36,4
DA:37,12
DA:38,9
DA:39,9
DA:40,9
DA:44,4
DA:45,4
DA:48,4
LF:9
LH:9
BRDA:37,0,0,3
BRDA:37,0,1,9
BRF:2
BRH:2
end_of_record
TN:
SF:models\UserProfile.js
FNF:0
FNH:0
DA:3,5
LF:1
LH:1
BRF:0
BRH:0
end_of_record
TN:
SF:models\VolunteerHistory.js
FNF:0
FNH:0
DA:3,2
LF:1
LH:1
BRF:0
BRH:0
end_of_record
TN:
SF:routes\event.js
FNF:0
FNH:0
DA:4,2
DA:6,2
DA:7,2
DA:8,2
DA:9,2
DA:12,2
DA:13,2
LF:7
LH:7
BRF:0
BRH:0
end_of_record
TN:
SF:routes\loginRegister.js
FNF:0
FNH:0
DA:4,1
DA:6,1
DA:7,1
DA:8,1
LF:4
LH:4
BRF:0
BRH:0
end_of_record
TN:
SF:routes\notification.js
FNF:0
FNH:0
DA:8,2
DA:10,2
DA:11,2
DA:13,2
LF:4
LH:4
BRF:0
BRH:0
end_of_record
TN:
SF:routes\profile.js
FNF:0
FNH:0
DA:4,1
DA:6,1
DA:7,1
DA:8,1
LF:4
LH:4
BRF:0
BRH:0
end_of_record
TN:
SF:routes\volunteerHistory.js
FNF:0
FNH:0
DA:5,1
DA:7,1
LF:2
LH:2
BRF:0
BRH:0
end_of_record
TN:
SF:routes\volunteerMatching.js
FNF:0
FNH:0
DA:5,1
DA:7,1
LF:2
LH:2
BRF:0
BRH:0
end_of_record
