TN:
SF:controllers\notificationsController.js
FN:3,createNotification
FN:13,(anonymous_1)
FN:26,(anonymous_2)
FN:43,(anonymous_3)
FNF:4
FNH:4
FNDA:5,createNotification
FNDA:2,(anonymous_1)
FNDA:3,(anonymous_2)
FNDA:3,(anonymous_3)
DA:4,5
DA:10,5
DA:13,1
DA:14,2
DA:15,2
DA:17,2
DA:19,1
DA:21,1
DA:22,1
DA:26,1
DA:27,3
DA:28,3
DA:30,3
DA:35,2
DA:37,1
DA:38,1
DA:43,1
DA:44,3
DA:45,3
DA:47,3
DA:49,2
DA:51,1
DA:52,1
LF:23
LH:23
BRDA:3,0,0,2
BRDA:3,1,0,2
BRF:2
BRH:2
end_of_record
TN:
SF:models\Notification.js
FNF:0
FNH:0
DA:3,1
DA:28,1
LF:2
LH:2
BRF:0
BRH:0
end_of_record
TN:
SF:models\UserProfile.js
FNF:0
FNH:0
DA:3,1
LF:1
LH:1
BRF:0
BRH:0
end_of_record
TN:
SF:routes\notification.js
FNF:0
FNH:0
DA:8,1
DA:10,1
DA:11,1
DA:13,1
LF:4
LH:4
BRF:0
BRH:0
end_of_record
